MoorDyn v2 log file with output level MSG at 'C:\Desarrollo\Anboto\MoorDyn\examples\MoorDyn_v2_demo_cl\Mooring\lines.log'
Generated entities:
	nLineTypes  = 1
	nRodTypes   = 0
	nPoints     = 6
	nBodies     = 0
	nRods       = 0
	nLines      = 3
	nFails      = 0
	nFreeBodies = 0
	nFreeRods   = 0
	nFreePoints  = 0
	nCpldBodies = 0
	nCpldRods   = 0
	nCpldPoints = 3
Time integrator = 2nd order Runge-Kutta
No Waves or Currents, or set externally
Creating mooring system...
Initializing coupled Point 4 at 5.2, 0, -70
Initializing coupled Point 5 at -2.6, 4.5, -70
Initializing coupled Point 6 at -2.6, -4.5, -70
  - Line1:
    ID: 1
    UnstrLen: 902.2
    N   : 20
    d   : 0.09
    rho : 12214.7
    E   : 6.03992e+10
    EI  : 0
    BAin: -0.8
    Can : 1
    Cat : 0
    Cdn : 1.6
    Cdt : 0.1
    ww_l: 698.333
Line 1 damping set to 9.80212e+08 Ns = 6.23584e+06 Pa-s, based on input of -0.8
Initialized Line 1
  - Line2:
    ID: 2
    UnstrLen: 902.2
    N   : 20
    d   : 0.09
    rho : 12214.7
    E   : 6.03992e+10
    EI  : 0
    BAin: -0.8
    Can : 1
    Cat : 0
    Cdn : 1.6
    Cdt : 0.1
    ww_l: 698.333
Line 2 damping set to 9.80212e+08 Ns = 6.23584e+06 Pa-s, based on input of -0.8
Initialized Line 2
  - Line3:
    ID: 3
    UnstrLen: 902.2
    N   : 20
    d   : 0.09
    rho : 12214.7
    E   : 6.03992e+10
    EI  : 0
    BAin: -0.8
    Can : 1
    Cat : 0
    Cdn : 1.6
    Cdt : 0.1
    ww_l: 698.333
Line 3 damping set to 9.80212e+08 Ns = 6.23584e+06 Pa-s, based on input of -0.8
Initialized Line 3
Finalizing ICs using dynamic relaxation (4X normal drag)
Fairlead tensions converged
Remaining error after 8 s = 0.0886443% on line 2
No Waves or Currents, or set externally
